{
  "time_utc": "2026-03-03T19:00:04.001204+00:00",
  "every_days": 80,
  "sleep_seconds": 12.0,
  "refreshed": [],
  "skipped": [
    "AAPL",
    "AMZN",
    "DIA",
    "GOOG",
    "META",
    "MSFT",
    "TSLA"
  ],
  "errors": {}
}
{
  "time_utc": "2026-03-03T19:05:35.047386+00:00",
  "every_days": 10,
  "sleep_seconds": 12.0,
  "refreshed": [],
  "skipped": [
    "AAPL",
    "AMZN",
    "DIA",
    "GOOG",
    "META",
    "MSFT",
    "TSLA"
  ],
  "errors": {}
}
{
  "time_utc": "2026-03-03T19:06:06.866270+00:00",
  "every_days": 10,
  "sleep_seconds": 12.0,
  "refreshed": [],
  "skipped": [
    "AAPL",
    "AMZN",
    "DIA",
    "GOOG",
    "META",
    "MSFT",
    "TSLA"
  ],
  "errors": {}
}
2026-03-03 11:11:16-0800 integrity_refresh.sh: START
{
  "time_utc": "2026-03-03T19:11:17.030240+00:00",
  "every_days": 10,
  "sleep_seconds": 12.0,
  "refreshed": [],
  "skipped": [
    "AAPL",
    "AMZN",
    "DIA",
    "GOOG",
    "META",
    "MSFT",
    "TSLA"
  ],
  "errors": {}
}
2026-03-03 11:11:17-0800 integrity_refresh.sh: END
{
  "time_utc": "2026-03-03T19:14:39.077003+00:00",
  "every_days": 10,
  "sleep_seconds": 12.0,
  "refreshed": [],
  "skipped": [
    "AAPL",
    "AMZN",
    "DIA",
    "GOOG",
    "META",
    "MSFT",
    "TSLA"
  ],
  "errors": {}
}
